# JRE version: Java(TM) SE Runtime Environment (8.0_45-b15) (build 1.8.0_45-b15)
# Java VM: Java HotSpot(TM) 64-Bit Server VM (25.45-b02 mixed mode windows-amd64 compressed oops)
Heap:
 PSYoungGen      total 65536K, used 19571K [0x00000000eab00000, 0x00000000f0c00000, 0x0000000100000000)
  eden space 58880K, 21% used [0x00000000eab00000,0x00000000eb7a0610,0x00000000ee480000)
  from space 6656K, 99% used [0x00000000ee480000,0x00000000eeafc948,0x00000000eeb00000)
  to   space 14848K, 0% used [0x00000000efd80000,0x00000000efd80000,0x00000000f0c00000)
 ParOldGen       total 67584K, used 35655K [0x00000000c0000000, 0x00000000c4200000, 0x00000000eab00000)
  object space 67584K, 52% used [0x00000000c0000000,0x00000000c22d1f48,0x00000000c4200000)
 Metaspace       used 6379K, capacity 7408K, committed 7552K, reserved 1056768K
  class space    used 598K, capacity 616K, committed 640K, reserved 1048576K
GC Heap History (10 events):
Event: 16.507 GC heap before
{Heap before GC invocations=6 (full 0):
 PSYoungGen      total 31744K, used 31722K [0x00000000eab00000, 0x00000000ef100000, 0x0000000100000000)
  eden space 29696K, 100% used [0x00000000eab00000,0x00000000ec800000,0x00000000ec800000)
  from space 2048K, 98% used [0x00000000ec800000,0x00000000ec9fa9c8,0x00000000eca00000)
  to   space 6144K, 0% used [0x00000000eeb00000,0x00000000eeb00000,0x00000000ef100000)
 ParOldGen       total 38400K, used 13085K [0x00000000c0000000, 0x00000000c2580000, 0x00000000eab00000)
  object space 38400K, 34% used [0x00000000c0000000,0x00000000c0cc7508,0x00000000c2580000)
 Metaspace       used 5988K, capacity 7088K, committed 7296K, reserved 1056768K
  class space    used 580K, capacity 616K, committed 640K, reserved 1048576K
Event: 16.586 GC heap after
Heap after GC invocations=6 (full 0):
 PSYoungGen      total 65024K, used 6116K [0x00000000eab00000, 0x00000000ef200000, 0x0000000100000000)
  eden space 58880K, 0% used [0x00000000eab00000,0x00000000eab00000,0x00000000ee480000)
  from space 6144K, 99% used [0x00000000eeb00000,0x00000000ef0f90b0,0x00000000ef100000)
  to   space 6656K, 0% used [0x00000000ee480000,0x00000000ee480000,0x00000000eeb00000)
 ParOldGen       total 38400K, used 13337K [0x00000000c0000000, 0x00000000c2580000, 0x00000000eab00000)
  object space 38400K, 34% used [0x00000000c0000000,0x00000000c0d06460,0x00000000c2580000)
 Metaspace       used 5988K, capacity 7088K, committed 7296K, reserved 1056768K
  class space    used 580K, capacity 616K, committed 640K, reserved 1048576K
}
Event: 19.496 GC heap before
{Heap before GC invocations=7 (full 0):
 PSYoungGen      total 65024K, used 64996K [0x00000000eab00000, 0x00000000ef200000, 0x0000000100000000)
  eden space 58880K, 100% used [0x00000000eab00000,0x00000000ee480000,0x00000000ee480000)
  from space 6144K, 99% used [0x00000000eeb00000,0x00000000ef0f90b0,0x00000000ef100000)
  to   space 6656K, 0% used [0x00000000ee480000,0x00000000ee480000,0x00000000eeb00000)
 ParOldGen       total 38400K, used 13337K [0x00000000c0000000, 0x00000000c2580000, 0x00000000eab00000)
  object space 38400K, 34% used [0x00000000c0000000,0x00000000c0d06460,0x00000000c2580000)
 Metaspace       used 6023K, capacity 7088K, committed 7296K, reserved 1056768K
  class space    used 580K, capacity 616K, committed 640K, reserved 1048576K
Event: 19.589 GC heap after
Heap after GC invocations=7 (full 0):
 PSYoungGen      total 65536K, used 6641K [0x00000000eab00000, 0x00000000ef200000, 0x0000000100000000)
  eden space 58880K, 0% used [0x00000000eab00000,0x00000000eab00000,0x00000000ee480000)
  from space 6656K, 99% used [0x00000000ee480000,0x00000000eeafc6f8,0x00000000eeb00000)
  to   space 6144K, 0% used [0x00000000eeb00000,0x00000000eeb00000,0x00000000ef100000)
 ParOldGen       total 38400K, used 21727K [0x00000000c0000000, 0x00000000c2580000, 0x00000000eab00000)
  object space 38400K, 56% used [0x00000000c0000000,0x00000000c1537fa0,0x00000000c2580000)
 Metaspace       used 6023K, capacity 7088K, committed 7296K, reserved 1056768K
  class space    used 580K, capacity 616K, committed 640K, reserved 1048576K
}
Event: 26.344 GC heap before
{Heap before GC invocations=8 (full 0):
 PSYoungGen      total 65536K, used 65521K [0x00000000eab00000, 0x00000000ef200000, 0x0000000100000000)
  eden space 58880K, 100% used [0x00000000eab00000,0x00000000ee480000,0x00000000ee480000)
  from space 6656K, 99% used [0x00000000ee480000,0x00000000eeafc6f8,0x00000000eeb00000)
  to   space 6144K, 0% used [0x00000000eeb00000,0x00000000eeb00000,0x00000000ef100000)
 ParOldGen       total 38400K, used 21727K [0x00000000c0000000, 0x00000000c2580000, 0x00000000eab00000)
  object space 38400K, 56% used [0x00000000c0000000,0x00000000c1537fa0,0x00000000c2580000)
 Metaspace       used 6039K, capacity 7088K, committed 7296K, reserved 1056768K
  class space    used 580K, capacity 616K, committed 640K, reserved 1048576K
Event: 26.522 GC heap after
Heap after GC invocations=8 (full 0):
 PSYoungGen      total 65024K, used 6140K [0x00000000eab00000, 0x00000000ef200000, 0x0000000100000000)
  eden space 58880K, 0% used [0x00000000eab00000,0x00000000eab00000,0x00000000ee480000)
  from space 6144K, 99% used [0x00000000eeb00000,0x00000000ef0ff0a0,0x00000000ef100000)
  to   space 6656K, 0% used [0x00000000ee480000,0x00000000ee480000,0x00000000eeb00000)
 ParOldGen       total 38400K, used 31017K [0x00000000c0000000, 0x00000000c2580000, 0x00000000eab00000)
  object space 38400K, 80% used [0x00000000c0000000,0x00000000c1e4a638,0x00000000c2580000)
 Metaspace       used 6039K, capacity 7088K, committed 7296K, reserved 1056768K
  class space    used 580K, capacity 616K, committed 640K, reserved 1048576K
}
Event: 26.523 GC heap before
{Heap before GC invocations=9 (full 1):
 PSYoungGen      total 65024K, used 6140K [0x00000000eab00000, 0x00000000ef200000, 0x0000000100000000)
  eden space 58880K, 0% used [0x00000000eab00000,0x00000000eab00000,0x00000000ee480000)
  from space 6144K, 99% used [0x00000000eeb00000,0x00000000ef0ff0a0,0x00000000ef100000)
  to   space 6656K, 0% used [0x00000000ee480000,0x00000000ee480000,0x00000000eeb00000)
 ParOldGen       total 38400K, used 31017K [0x00000000c0000000, 0x00000000c2580000, 0x00000000eab00000)
  object space 38400K, 80% used [0x00000000c0000000,0x00000000c1e4a638,0x00000000c2580000)
 Metaspace       used 6039K, capacity 7088K, committed 7296K, reserved 1056768K
  class space    used 580K, capacity 616K, committed 640K, reserved 1048576K
Event: 28.112 GC heap after
Heap after GC invocations=9 (full 1):
 PSYoungGen      total 65024K, used 0K [0x00000000eab00000, 0x00000000ef200000, 0x0000000100000000)
  eden space 58880K, 0% used [0x00000000eab00000,0x00000000eab00000,0x00000000ee480000)
  from space 6144K, 0% used [0x00000000eeb00000,0x00000000eeb00000,0x00000000ef100000)
  to   space 6656K, 0% used [0x00000000ee480000,0x00000000ee480000,0x00000000eeb00000)
 ParOldGen       total 67584K, used 33033K [0x00000000c0000000, 0x00000000c4200000, 0x00000000eab00000)
  object space 67584K, 48% used [0x00000000c0000000,0x00000000c2042588,0x00000000c4200000)
 Metaspace       used 6039K, capacity 7088K, committed 7296K, reserved 1056768K
  class space    used 580K, capacity 616K, committed 640K, reserved 1048576K
}
Event: 31.222 GC heap before
{Heap before GC invocations=10 (full 1):
 PSYoungGen      total 65024K, used 58880K [0x00000000eab00000, 0x00000000ef200000, 0x0000000100000000)
  eden space 58880K, 100% used [0x00000000eab00000,0x00000000ee480000,0x00000000ee480000)
  from space 6144K, 0% used [0x00000000eeb00000,0x00000000eeb00000,0x00000000ef100000)
  to   space 6656K, 0% used [0x00000000ee480000,0x00000000ee480000,0x00000000eeb00000)
 ParOldGen       total 67584K, used 33033K [0x00000000c0000000, 0x00000000c4200000, 0x00000000eab00000)
  object space 67584K, 48% used [0x00000000c0000000,0x00000000c2042588,0x00000000c4200000)
 Metaspace       used 6073K, capacity 7152K, committed 7296K, reserved 1056768K
  class space    used 580K, capacity 616K, committed 640K, reserved 1048576K
Event: 31.296 GC heap after
Heap after GC invocations=10 (full 1):
 PSYoungGen      total 65536K, used 6642K [0x00000000eab00000, 0x00000000f0c00000, 0x0000000100000000)
  eden space 58880K, 0% used [0x00000000eab00000,0x00000000eab00000,0x00000000ee480000)
  from space 6656K, 99% used [0x00000000ee480000,0x00000000eeafc948,0x00000000eeb00000)
  to   space 14848K, 0% used [0x00000000efd80000,0x00000000efd80000,0x00000000f0c00000)
 ParOldGen       total 67584K, used 35655K [0x00000000c0000000, 0x00000000c4200000, 0x00000000eab00000)
  object space 67584K, 52% used [0x00000000c0000000,0x00000000c22d1f48,0x00000000c4200000)
 Metaspace       used 6073K, capacity 7152K, committed 7296K, reserved 1056768K
  class space    used 580K, capacity 616K, committed 640K, reserved 1048576K
}

